<?xml version="1.0" encoding="UTF-8"?>
<!-- Generated by org.testng.reporters.JUnitReportReporter -->
<testsuite skipped="0" hostname="DESKTOP-ORFPBU2" name="tests.DropDownMonthTest" tests="1" failures="0" timestamp="04 Apr 2023 18:12:02 GMT" time="2.599" errors="0">
  <testcase name="userShouldBeAbleValidateDropDownMonth" time="2.599" classname="tests.DropDownMonthTest"/>
</testsuite> <!-- tests.DropDownMonthTest -->
